

Started GET "/" for ::1 at 2015-09-14 14:20:01 +0530
  [1m[36mActiveRecord::SchemaMigration Load (0.4ms)[0m  [1mSELECT "schema_migrations".* FROM "schema_migrations"[0m
Processing by PagesController#home as HTML
  [1m[35mUser Load (7.8ms)[0m  SELECT  "users".* FROM "users" WHERE "users"."id" = ?  ORDER BY "users"."id" ASC LIMIT 1  [["id", 2]]
Redirected to http://localhost:3000/books
  [1m[36mBook Load (0.4ms)[0m  [1mSELECT  "books".* FROM "books"  ORDER BY "books"."id" DESC LIMIT 4[0m
Completed 302 Found in 218ms (ActiveRecord: 8.8ms)


Started GET "/books" for ::1 at 2015-09-14 14:20:01 +0530
Processing by BooksController#index as HTML
  [1m[35mBook Load (0.2ms)[0m  SELECT "books".* FROM "books" WHERE "books"."availability" = 't'
  Rendered books/_book.html.erb (24.9ms)
  Rendered books/index.html.erb within layouts/application (41.9ms)
  [1m[36mUser Load (0.2ms)[0m  [1mSELECT  "users".* FROM "users" WHERE "users"."id" = ?  ORDER BY "users"."id" ASC LIMIT 1[0m  [["id", 2]]
  Rendered layouts/_header.html.erb (3.3ms)
Completed 200 OK in 3552ms (Views: 3547.7ms | ActiveRecord: 0.4ms)


Started GET "/assets/twitter-bootstrap-static/fontawesome-c0e728c92bc26bc30bac33c4d3f26420.css?body=1" for ::1 at 2015-09-14 14:20:05 +0530


Started GET "/assets/bootstrap_and_overrides-caaef7eff4329c524ea65567896bba3b.css?body=1" for ::1 at 2015-09-14 14:20:05 +0530


Started GET "/assets/application-5010bb6658a88144604bac89209d1788.css?body=1" for ::1 at 2015-09-14 14:20:05 +0530


Started GET "/assets/devise-12d4c6cca2aabdbc0eee655fe9492f97.css?body=1" for ::1 at 2015-09-14 14:20:05 +0530


Started GET "/assets/books-64e62ddc273c2f5847f30d698ca14b67.css?body=1" for ::1 at 2015-09-14 14:20:05 +0530


Started GET "/assets/twitter-bootstrap-static/bootstrap-3d4ac324e8c8a16c343c471da829ffcc.css?body=1" for ::1 at 2015-09-14 14:20:05 +0530


Started GET "/assets/jquery-87424c3c19e96d4fb033c10ebe21ec40.js?body=1" for ::1 at 2015-09-14 14:20:05 +0530


Started GET "/assets/twitter/bootstrap/dropdown-a234ed5390532f267df4f5a13236de95.js?body=1" for ::1 at 2015-09-14 14:20:05 +0530


Started GET "/assets/twitter/bootstrap/scrollspy-5e0c86e7fbc3752c3898df3c690e52fb.js?body=1" for ::1 at 2015-09-14 14:20:05 +0530


Started GET "/assets/twitter/bootstrap/transition-8cd2695d7ee2b30315b7e024422eb427.js?body=1" for ::1 at 2015-09-14 14:20:05 +0530


Started GET "/assets/twitter/bootstrap/modal-b75feab289989a62ead5720c2b655fca.js?body=1" for ::1 at 2015-09-14 14:20:05 +0530


Started GET "/assets/pages-64e62ddc273c2f5847f30d698ca14b67.css?body=1" for ::1 at 2015-09-14 14:20:05 +0530


Started GET "/assets/twitter/bootstrap/popover-9666a38e5d68a25bd4e839bee36f5d30.js?body=1" for ::1 at 2015-09-14 14:20:05 +0530


Started GET "/assets/jquery_ujs-e27bd20a10d28155845a22d71ef94f2f.js?body=1" for ::1 at 2015-09-14 14:20:05 +0530


Started GET "/assets/twitter/bootstrap/carousel-65843039ab1c8b32832fda680448146a.js?body=1" for ::1 at 2015-09-14 14:20:05 +0530


Started GET "/assets/twitter/bootstrap/tooltip-5a9f4a24a67c380028b0164a546de5f4.js?body=1" for ::1 at 2015-09-14 14:20:05 +0530


Started GET "/assets/twitter/bootstrap/tab-54d92c1012635a68526fcf2590679f4a.js?body=1" for ::1 at 2015-09-14 14:20:05 +0530


Started GET "/assets/twitter/bootstrap/collapse-4d358a4cbe9ca0a9cc3e124610787f88.js?body=1" for ::1 at 2015-09-14 14:20:05 +0530


Started GET "/assets/twitter/bootstrap/button-1189204cf501fc7ddbe0384f5c7a3e04.js?body=1" for ::1 at 2015-09-14 14:20:05 +0530


Started GET "/assets/twitter/bootstrap/alert-f0634df255bb1dc37f98c8be82434bec.js?body=1" for ::1 at 2015-09-14 14:20:05 +0530


Started GET "/assets/twitter/bootstrap/affix-4aa497ad1a679d7fa3de7aa10db2c248.js?body=1" for ::1 at 2015-09-14 14:20:05 +0530


Started GET "/assets/bootstrap-91416daf9f05a6e9ca13ef54aa8dcb39.js?body=1" for ::1 at 2015-09-14 14:20:05 +0530


Started GET "/assets/books-fcec5b5a277ac7c20cc9f45a209a3bcd.js?body=1" for ::1 at 2015-09-14 14:20:05 +0530


Started GET "/assets/twitter/bootstrap-bfd36ba45e965dc20fa69e1153274989.js?body=1" for ::1 at 2015-09-14 14:20:05 +0530


Started GET "/assets/turbolinks-da8ddad9c2c5483d4c5c30c1ce325253.js?body=1" for ::1 at 2015-09-14 14:20:05 +0530


Started GET "/assets/pages-fcec5b5a277ac7c20cc9f45a209a3bcd.js?body=1" for ::1 at 2015-09-14 14:20:05 +0530


Started GET "/assets/application-7856ecce879fbd1be2f4b6eb065cb007.js?body=1" for ::1 at 2015-09-14 14:20:05 +0530
